生成启动时间为 2015/10/11 10:07:13。
     1>项目“F:\学习资料\数据结构\实习二\1\1\1.vcxproj”在节点 2 上(Build 个目标)。
     1>InitializeBuildStatus:
         正在创建“Debug\1.tlog\unsuccessfulbuild”，因为已指定“AlwaysCreate”。
       ClCompile:
         所有输出均为最新。
         G:\Microsoft Visual Studio 2013\VC\bin\CL.exe /c /ZI /nologo /W3 /WX- /sdl /Od /Oy- /D WIN32 /D _WINDOWS /D _DEBUG /D _UNICODE /D UNICODE /D _AFXDLL /Gm /EHsc /RTC1 /MDd /GS /fp:precise /Zc:wchar_t /Zc:forScope /Yu"stdafx.h" /Fp"Debug\1.pch" /Fo"Debug\\" /Fd"Debug\vc120.pdb" /Gd /TP /analyze- /errorReport:prompt 1Dlg.cpp
         1Dlg.cpp
     1>f:\学习资料\数据结构\实习二\1\1\1dlg.cpp(237): warning C4244: “=”: 从“wchar_t”转换到“char”，可能丢失数据
     1>f:\学习资料\数据结构\实习二\1\1\function.h(264): warning C4715: “calculate”: 不是所有的控件路径都返回值
       ResourceCompile:
         所有输出均为最新。
       Link:
         G:\Microsoft Visual Studio 2013\VC\bin\link.exe /ERRORREPORT:PROMPT /OUT:"F:\学习资料\数据结构\实习二\1\Debug\1.exe" /INCREMENTAL /NOLOGO /MANIFEST /MANIFESTUAC:"level='asInvoker' uiAccess='false'" /manifest:embed /manifestinput:"G:\Microsoft Visual Studio 2013\VC\Include\Manifest\dpiaware.manifest" /DEBUG /PDB:"F:\学习资料\数据结构\实习二\1\Debug\1.pdb" /SUBSYSTEM:WINDOWS /TLBID:1 /ENTRY:"wWinMainCRTStartup" /DYNAMICBASE /NXCOMPAT /IMPLIB:"F:\学习资料\数据结构\实习二\1\Debug\1.lib" /MACHINE:X86 Debug\1.res
         Debug\1.obj
         Debug\1Dlg.obj
         Debug\stdafx.obj
         1.vcxproj -> F:\学习资料\数据结构\实习二\1\Debug\1.exe
       FinalizeBuildStatus:
         正在删除文件“Debug\1.tlog\unsuccessfulbuild”。
         正在对“Debug\1.tlog\1.lastbuildstate”执行 Touch 任务。
     1>已完成生成项目“F:\学习资料\数据结构\实习二\1\1\1.vcxproj”(Build 个目标)的操作。

生成成功。

已用时间 00:00:00.61
