生成启动时间为 2016/10/23 13:54:33。
     1>项目“C:\Users\john\Desktop\Calculator\1\1.vcxproj”在节点 2 上(Build 个目标)。
     1>InitializeBuildStatus:
         正在创建“Release\1.tlog\unsuccessfulbuild”，因为已指定“AlwaysCreate”。
       ClCompile:
         G:\Microsoft Visual Studio 2013\VC\bin\CL.exe /c /Zi /nologo /W3 /WX- /sdl /O2 /Oi /Oy- /GL /D WIN32 /D _WINDOWS /D NDEBUG /D _UNICODE /D UNICODE /D _AFXDLL /Gm- /EHsc /MD /GS /Gy /fp:precise /Zc:wchar_t /Zc:forScope /Yc"stdafx.h" /Fp"Release\1.pch" /Fo"Release\\" /Fd"Release\vc120.pdb" /Gd /TP /analyze- /errorReport:prompt stdafx.cpp
         stdafx.cpp
         G:\Microsoft Visual Studio 2013\VC\bin\CL.exe /c /Zi /nologo /W3 /WX- /sdl /O2 /Oi /Oy- /GL /D WIN32 /D _WINDOWS /D NDEBUG /D _UNICODE /D UNICODE /D _AFXDLL /Gm- /EHsc /MD /GS /Gy /fp:precise /Zc:wchar_t /Zc:forScope /Yu"stdafx.h" /Fp"Release\1.pch" /Fo"Release\\" /Fd"Release\vc120.pdb" /Gd /TP /analyze- /errorReport:prompt 1.cpp 1Dlg.cpp
         1.cpp
         1Dlg.cpp
     1>1Dlg.cpp(238): warning C4244: “=”: 从“wchar_t”转换到“char”，可能丢失数据
       ResourceCompile:
         C:\Program Files (x86)\Windows Kits\8.1\bin\x86\rc.exe /D NDEBUG /D _UNICODE /D UNICODE /D _AFXDLL /l"0x0804" /IRelease\ /nologo /fo"Release\1.res" 1.rc 
       Link:
         G:\Microsoft Visual Studio 2013\VC\bin\link.exe /ERRORREPORT:PROMPT /OUT:"C:\Users\john\Desktop\Calculator\Release\1.exe" /INCREMENTAL:NO /NOLOGO /MANIFEST /MANIFESTUAC:"level='asInvoker' uiAccess='false'" /manifest:embed /manifestinput:"G:\Microsoft Visual Studio 2013\VC\Include\Manifest\dpiaware.manifest" /DEBUG /PDB:"C:\Users\john\Desktop\Calculator\Release\1.pdb" /SUBSYSTEM:WINDOWS /OPT:REF /OPT:ICF /LTCG /TLBID:1 /ENTRY:"wWinMainCRTStartup" /DYNAMICBASE /NXCOMPAT /IMPLIB:"C:\Users\john\Desktop\Calculator\Release\1.lib" /MACHINE:X86 /SAFESEH Release\1.res
         Release\1.obj
         Release\1Dlg.obj
         Release\stdafx.obj
         正在生成代码
     1>c:\users\john\desktop\calculator\1\function.h(264): warning C4715: “calculate”: 不是所有的控件路径都返回值
         已完成代码的生成
         1.vcxproj -> C:\Users\john\Desktop\Calculator\Release\1.exe
       FinalizeBuildStatus:
         正在删除文件“Release\1.tlog\unsuccessfulbuild”。
         正在对“Release\1.tlog\1.lastbuildstate”执行 Touch 任务。
     1>已完成生成项目“C:\Users\john\Desktop\Calculator\1\1.vcxproj”(Build 个目标)的操作。

生成成功。

已用时间 00:00:11.69
